<?xml version="1.0" encoding="utf-8"?><testsuites name="pytest tests"><testsuite name="pytest" errors="0" failures="0" skipped="0" tests="14" time="1.456" timestamp="2026-04-20T07:58:51.670923+00:00" hostname="agent-env-4776db30-75e2-4fb9-a299-021ee6ea6be5"><testcase classname="backend.tests.test_attendance.TestAttendancePostGet" name="test_post_attendance_upsert" time="0.417" /><testcase classname="backend.tests.test_attendance.TestAttendancePostGet" name="test_get_attendance_day_returns_all_active_with_status" time="0.046" /><testcase classname="backend.tests.test_attendance.TestAttendancePostGet" name="test_get_attendance_day_status_null_when_unmarked" time="0.045" /><testcase classname="backend.tests.test_attendance.TestAttendancePostGet" name="test_post_attendance_idempotent_update" time="0.089" /><testcase classname="backend.tests.test_attendance.TestAttendancePostGet" name="test_post_attendance_invalid_enum_422" time="0.050" /><testcase classname="backend.tests.test_attendance.TestAttendancePostGet" name="test_post_attendance_skips_other_teacher_students" time="0.154" /><testcase classname="backend.tests.test_attendance.TestAttendanceRange" name="test_range_returns_per_day_counts" time="0.094" /><testcase classname="backend.tests.test_attendance.TestAttendanceRange" name="test_range_requires_auth" time="0.167" /><testcase classname="backend.tests.test_attendance.TestAttendanceStudent" name="test_student_history_returns_entries" time="0.047" /><testcase classname="backend.tests.test_attendance.TestAttendanceStudent" name="test_student_history_404_for_other_teacher" time="0.045" /><testcase classname="backend.tests.test_attendance.TestAttendanceStudent" name="test_student_history_requires_auth" time="0.048" /><testcase classname="backend.tests.test_attendance.TestDashboardAttendanceToday" name="test_dashboard_includes_attendance_today" time="0.099" /><testcase classname="backend.tests.test_attendance.TestAttendanceAuth" name="test_post_requires_auth" time="0.046" /><testcase classname="backend.tests.test_attendance.TestAttendanceAuth" name="test_get_requires_auth" time="0.067" /></testsuite></testsuites>