<?xml version="1.0" encoding="utf-8"?><testsuites name="pytest tests"><testsuite name="pytest" errors="0" failures="1" skipped="0" tests="23" time="34.639" timestamp="2026-04-20T08:23:27.237967+00:00" hostname="agent-env-4776db30-75e2-4fb9-a299-021ee6ea6be5"><testcase classname="backend.tests.test_chat_cases.TestDailyCases" name="test_create_daily_case" time="0.363" /><testcase classname="backend.tests.test_chat_cases.TestDailyCases" name="test_list_and_filter" time="0.187" /><testcase classname="backend.tests.test_chat_cases.TestDailyCases" name="test_update_and_delete" time="0.236" /><testcase classname="backend.tests.test_chat_cases.TestDailyCases" name="test_teacher_isolation" time="0.292" /><testcase classname="backend.tests.test_chat_cases.TestActivityNotes" name="test_create_and_list" time="0.092" /><testcase classname="backend.tests.test_chat_cases.TestActivityNotes" name="test_update_and_delete" time="0.250" /><testcase classname="backend.tests.test_chat_cases.TestActivityNotes" name="test_teacher_isolation_activity" time="0.150" /><testcase classname="backend.tests.test_chat_cases.TestAuthEnforcement" name="test_requires_auth[GET-/api/daily-cases]" time="0.154" /><testcase classname="backend.tests.test_chat_cases.TestAuthEnforcement" name="test_requires_auth[POST-/api/daily-cases]" time="0.044" /><testcase classname="backend.tests.test_chat_cases.TestAuthEnforcement" name="test_requires_auth[GET-/api/activity-notes]" time="0.083" /><testcase classname="backend.tests.test_chat_cases.TestAuthEnforcement" name="test_requires_auth[POST-/api/activity-notes]" time="0.055" /><testcase classname="backend.tests.test_chat_cases.TestAuthEnforcement" name="test_requires_auth[POST-/api/chat/message]" time="0.045" /><testcase classname="backend.tests.test_chat_cases.TestAuthEnforcement" name="test_requires_auth[GET-/api/chat/history]" time="0.043" /><testcase classname="backend.tests.test_chat_cases.TestAuthEnforcement" name="test_requires_auth[DELETE-/api/chat/history]" time="0.042" /><testcase classname="backend.tests.test_chat_cases.TestAuthEnforcement" name="test_requires_auth[POST-/api/chat/voice]" time="0.044" /><testcase classname="backend.tests.test_chat_cases.TestChat" name="test_greeting_no_commands" time="2.429" /><testcase classname="backend.tests.test_chat_cases.TestChat" name="test_empty_message_400" time="0.046" /><testcase classname="backend.tests.test_chat_cases.TestChat" name="test_attendance_command" time="4.137" /><testcase classname="backend.tests.test_chat_cases.TestChat" name="test_daily_case_command" time="7.674" /><testcase classname="backend.tests.test_chat_cases.TestChat" name="test_activity_command" time="12.140" /><testcase classname="backend.tests.test_chat_cases.TestChat" name="test_history_order_and_isolation" time="0.102" /><testcase classname="backend.tests.test_chat_cases.TestChat" name="test_clear_history_isolation" time="0.049" /><testcase classname="backend.tests.test_chat_cases.TestChat" name="test_voice_endpoint_accepts_multipart" time="5.909"><failure message="AssertionError: unexpected status 500: Internal Server Error&#10;assert 500 in (200, 400, 413)&#10; +  where 500 = &lt;Response [500]&gt;.status_code">backend/tests/test_chat_cases.py:284: in test_voice_endpoint_accepts_multipart
    assert r.status_code in (200, 400, 413), f"unexpected status {r.status_code}: {r.text[:200]}"
E   AssertionError: unexpected status 500: Internal Server Error
E   assert 500 in (200, 400, 413)
E    +  where 500 = &lt;Response [500]&gt;.status_code</failure></testcase></testsuite></testsuites>