<?xml version="1.0" encoding="utf-8"?><testsuites name="pytest tests"><testsuite name="pytest" errors="0" failures="1" skipped="0" tests="62" time="38.629" timestamp="2026-04-20T08:27:00.053432+00:00" hostname="agent-env-4776db30-75e2-4fb9-a299-021ee6ea6be5"><testcase classname="backend.tests.test_api.TestAuth" name="test_auth_me_returns_user_profile" time="0.179" /><testcase classname="backend.tests.test_api.TestAuth" name="test_auth_me_no_token_401" time="0.098" /><testcase classname="backend.tests.test_api.TestAuth" name="test_auth_me_invalid_token_401" time="0.043" /><testcase classname="backend.tests.test_api.TestAuth" name="test_auth_session_invalid_session_id" time="0.156" /><testcase classname="backend.tests.test_api.TestAuth" name="test_logout_clears_session" time="0.157" /><testcase classname="backend.tests.test_api.TestClassSettings" name="test_get_empty_initially" time="0.047" /><testcase classname="backend.tests.test_api.TestClassSettings" name="test_put_updates_and_persists" time="0.097" /><testcase classname="backend.tests.test_api.TestClassSettings" name="test_class_settings_requires_auth" time="0.043" /><testcase classname="backend.tests.test_api.TestStudentsCRUD" name="test_create_student_returns_full_model" time="0.059" /><testcase classname="backend.tests.test_api.TestStudentsCRUD" name="test_create_student_missing_required_fails" time="0.049" /><testcase classname="backend.tests.test_api.TestStudentsCRUD" name="test_list_students" time="0.048" /><testcase classname="backend.tests.test_api.TestStudentsCRUD" name="test_list_filter_by_status" time="0.047" /><testcase classname="backend.tests.test_api.TestStudentsCRUD" name="test_list_filter_by_search" time="0.062" /><testcase classname="backend.tests.test_api.TestStudentsCRUD" name="test_get_student_by_id" time="0.047" /><testcase classname="backend.tests.test_api.TestStudentsCRUD" name="test_get_student_not_found" time="0.046" /><testcase classname="backend.tests.test_api.TestStudentsCRUD" name="test_update_student_status_transition" time="0.098" /><testcase classname="backend.tests.test_api.TestStudentsCRUD" name="test_teacher_isolation_cannot_read_other" time="0.370" /><testcase classname="backend.tests.test_api.TestStudentsCRUD" name="test_delete_student" time="0.100" /><testcase classname="backend.tests.test_api.TestStudentsCRUD" name="test_students_requires_auth" time="0.085" /><testcase classname="backend.tests.test_api.TestReports" name="test_create_draft_with_8_sections" time="0.099" /><testcase classname="backend.tests.test_api.TestReports" name="test_create_draft_other_teacher_student_404" time="0.108" /><testcase classname="backend.tests.test_api.TestReports" name="test_list_reports" time="0.048" /><testcase classname="backend.tests.test_api.TestReports" name="test_reports_requires_auth" time="0.083" /><testcase classname="backend.tests.test_api.TestDashboard" name="test_dashboard_counts_and_shape" time="0.050" /><testcase classname="backend.tests.test_api.TestDashboard" name="test_dashboard_requires_auth" time="0.050" /><testcase classname="backend.tests.test_attendance.TestAttendancePostGet" name="test_post_attendance_upsert" time="0.189" /><testcase classname="backend.tests.test_attendance.TestAttendancePostGet" name="test_get_attendance_day_returns_all_active_with_status" time="0.046" /><testcase classname="backend.tests.test_attendance.TestAttendancePostGet" name="test_get_attendance_day_status_null_when_unmarked" time="0.049" /><testcase classname="backend.tests.test_attendance.TestAttendancePostGet" name="test_post_attendance_idempotent_update" time="0.106" /><testcase classname="backend.tests.test_attendance.TestAttendancePostGet" name="test_post_attendance_invalid_enum_422" time="0.060" /><testcase classname="backend.tests.test_attendance.TestAttendancePostGet" name="test_post_attendance_skips_other_teacher_students" time="0.099" /><testcase classname="backend.tests.test_attendance.TestAttendanceRange" name="test_range_returns_per_day_counts" time="0.104" /><testcase classname="backend.tests.test_attendance.TestAttendanceRange" name="test_range_requires_auth" time="0.050" /><testcase classname="backend.tests.test_attendance.TestAttendanceStudent" name="test_student_history_returns_entries" time="0.051" /><testcase classname="backend.tests.test_attendance.TestAttendanceStudent" name="test_student_history_404_for_other_teacher" time="0.048" /><testcase classname="backend.tests.test_attendance.TestAttendanceStudent" name="test_student_history_requires_auth" time="0.047" /><testcase classname="backend.tests.test_attendance.TestDashboardAttendanceToday" name="test_dashboard_includes_attendance_today" time="0.098" /><testcase classname="backend.tests.test_attendance.TestAttendanceAuth" name="test_post_requires_auth" time="0.048" /><testcase classname="backend.tests.test_attendance.TestAttendanceAuth" name="test_get_requires_auth" time="0.083" /><testcase classname="backend.tests.test_chat_cases.TestDailyCases" name="test_create_daily_case" time="0.206" /><testcase classname="backend.tests.test_chat_cases.TestDailyCases" name="test_list_and_filter" time="0.189" /><testcase classname="backend.tests.test_chat_cases.TestDailyCases" name="test_update_and_delete" time="0.235" /><testcase classname="backend.tests.test_chat_cases.TestDailyCases" name="test_teacher_isolation" time="0.215" /><testcase classname="backend.tests.test_chat_cases.TestActivityNotes" name="test_create_and_list" time="0.113" /><testcase classname="backend.tests.test_chat_cases.TestActivityNotes" name="test_update_and_delete" time="0.241" /><testcase classname="backend.tests.test_chat_cases.TestActivityNotes" name="test_teacher_isolation_activity" time="0.153" /><testcase classname="backend.tests.test_chat_cases.TestAuthEnforcement" name="test_requires_auth[GET-/api/daily-cases]" time="0.043" /><testcase classname="backend.tests.test_chat_cases.TestAuthEnforcement" name="test_requires_auth[POST-/api/daily-cases]" time="0.041" /><testcase classname="backend.tests.test_chat_cases.TestAuthEnforcement" name="test_requires_auth[GET-/api/activity-notes]" time="0.041" /><testcase classname="backend.tests.test_chat_cases.TestAuthEnforcement" name="test_requires_auth[POST-/api/activity-notes]" time="0.082" /><testcase classname="backend.tests.test_chat_cases.TestAuthEnforcement" name="test_requires_auth[POST-/api/chat/message]" time="0.043" /><testcase classname="backend.tests.test_chat_cases.TestAuthEnforcement" name="test_requires_auth[GET-/api/chat/history]" time="0.042" /><testcase classname="backend.tests.test_chat_cases.TestAuthEnforcement" name="test_requires_auth[DELETE-/api/chat/history]" time="0.041" /><testcase classname="backend.tests.test_chat_cases.TestAuthEnforcement" name="test_requires_auth[POST-/api/chat/voice]" time="0.050" /><testcase classname="backend.tests.test_chat_cases.TestChat" name="test_greeting_no_commands" time="1.946" /><testcase classname="backend.tests.test_chat_cases.TestChat" name="test_empty_message_400" time="0.046" /><testcase classname="backend.tests.test_chat_cases.TestChat" name="test_attendance_command" time="5.849" /><testcase classname="backend.tests.test_chat_cases.TestChat" name="test_daily_case_command" time="8.866" /><testcase classname="backend.tests.test_chat_cases.TestChat" name="test_activity_command" time="10.893" /><testcase classname="backend.tests.test_chat_cases.TestChat" name="test_history_order_and_isolation" time="0.121" /><testcase classname="backend.tests.test_chat_cases.TestChat" name="test_clear_history_isolation" time="0.050" /><testcase classname="backend.tests.test_chat_cases.TestChat" name="test_voice_endpoint_accepts_multipart" time="5.715"><failure message="AssertionError: unexpected status 500: Internal Server Error&#10;assert 500 in (200, 400, 413)&#10; +  where 500 = &lt;Response [500]&gt;.status_code">E   AssertionError: unexpected status 500: Internal Server Error
    assert 500 in (200, 400, 413)
     +  where 500 = &lt;Response [500]&gt;.status_code</failure></testcase></testsuite></testsuites>