<?xml version="1.0" encoding="utf-8"?><testsuites name="pytest tests"><testsuite name="pytest" errors="0" failures="0" skipped="0" tests="39" time="3.329" timestamp="2026-04-20T07:58:57.770438+00:00" hostname="agent-env-4776db30-75e2-4fb9-a299-021ee6ea6be5"><testcase classname="backend.tests.test_api.TestAuth" name="test_auth_me_returns_user_profile" time="0.143" /><testcase classname="backend.tests.test_api.TestAuth" name="test_auth_me_no_token_401" time="0.109" /><testcase classname="backend.tests.test_api.TestAuth" name="test_auth_me_invalid_token_401" time="0.048" /><testcase classname="backend.tests.test_api.TestAuth" name="test_auth_session_invalid_session_id" time="0.235" /><testcase classname="backend.tests.test_api.TestAuth" name="test_logout_clears_session" time="0.161" /><testcase classname="backend.tests.test_api.TestClassSettings" name="test_get_empty_initially" time="0.053" /><testcase classname="backend.tests.test_api.TestClassSettings" name="test_put_updates_and_persists" time="0.095" /><testcase classname="backend.tests.test_api.TestClassSettings" name="test_class_settings_requires_auth" time="0.047" /><testcase classname="backend.tests.test_api.TestStudentsCRUD" name="test_create_student_returns_full_model" time="0.048" /><testcase classname="backend.tests.test_api.TestStudentsCRUD" name="test_create_student_missing_required_fails" time="0.046" /><testcase classname="backend.tests.test_api.TestStudentsCRUD" name="test_list_students" time="0.055" /><testcase classname="backend.tests.test_api.TestStudentsCRUD" name="test_list_filter_by_status" time="0.045" /><testcase classname="backend.tests.test_api.TestStudentsCRUD" name="test_list_filter_by_search" time="0.047" /><testcase classname="backend.tests.test_api.TestStudentsCRUD" name="test_get_student_by_id" time="0.047" /><testcase classname="backend.tests.test_api.TestStudentsCRUD" name="test_get_student_not_found" time="0.047" /><testcase classname="backend.tests.test_api.TestStudentsCRUD" name="test_update_student_status_transition" time="0.102" /><testcase classname="backend.tests.test_api.TestStudentsCRUD" name="test_teacher_isolation_cannot_read_other" time="0.289" /><testcase classname="backend.tests.test_api.TestStudentsCRUD" name="test_delete_student" time="0.093" /><testcase classname="backend.tests.test_api.TestStudentsCRUD" name="test_students_requires_auth" time="0.094" /><testcase classname="backend.tests.test_api.TestReports" name="test_create_draft_with_8_sections" time="0.101" /><testcase classname="backend.tests.test_api.TestReports" name="test_create_draft_other_teacher_student_404" time="0.088" /><testcase classname="backend.tests.test_api.TestReports" name="test_list_reports" time="0.045" /><testcase classname="backend.tests.test_api.TestReports" name="test_reports_requires_auth" time="0.092" /><testcase classname="backend.tests.test_api.TestDashboard" name="test_dashboard_counts_and_shape" time="0.049" /><testcase classname="backend.tests.test_api.TestDashboard" name="test_dashboard_requires_auth" time="0.047" /><testcase classname="backend.tests.test_attendance.TestAttendancePostGet" name="test_post_attendance_upsert" time="0.193" /><testcase classname="backend.tests.test_attendance.TestAttendancePostGet" name="test_get_attendance_day_returns_all_active_with_status" time="0.048" /><testcase classname="backend.tests.test_attendance.TestAttendancePostGet" name="test_get_attendance_day_status_null_when_unmarked" time="0.046" /><testcase classname="backend.tests.test_attendance.TestAttendancePostGet" name="test_post_attendance_idempotent_update" time="0.097" /><testcase classname="backend.tests.test_attendance.TestAttendancePostGet" name="test_post_attendance_invalid_enum_422" time="0.047" /><testcase classname="backend.tests.test_attendance.TestAttendancePostGet" name="test_post_attendance_skips_other_teacher_students" time="0.142" /><testcase classname="backend.tests.test_attendance.TestAttendanceRange" name="test_range_returns_per_day_counts" time="0.097" /><testcase classname="backend.tests.test_attendance.TestAttendanceRange" name="test_range_requires_auth" time="0.048" /><testcase classname="backend.tests.test_attendance.TestAttendanceStudent" name="test_student_history_returns_entries" time="0.050" /><testcase classname="backend.tests.test_attendance.TestAttendanceStudent" name="test_student_history_404_for_other_teacher" time="0.047" /><testcase classname="backend.tests.test_attendance.TestAttendanceStudent" name="test_student_history_requires_auth" time="0.047" /><testcase classname="backend.tests.test_attendance.TestDashboardAttendanceToday" name="test_dashboard_includes_attendance_today" time="0.098" /><testcase classname="backend.tests.test_attendance.TestAttendanceAuth" name="test_post_requires_auth" time="0.045" /><testcase classname="backend.tests.test_attendance.TestAttendanceAuth" name="test_get_requires_auth" time="0.057" /></testsuite></testsuites>